<?xml version="1.0" encoding="UTF-8" ?>
<testsuite errors="0" failures="0" hostname="CCROCKET-LAP" name="com.oracle.grailshackathon.service.ItemServiceSpec" tests="1" time="1.558" timestamp="2016-01-25T23:18:07">
  <properties />
  <testcase classname="com.oracle.grailshackathon.service.ItemServiceSpec" name="test formating of item returned for find all" time="1.51" />
  <system-out><![CDATA[--Output from test formating of item returned for find all--
]]></system-out>
  <system-err><![CDATA[--Output from test formating of item returned for find all--
]]></system-err>
</testsuite>
