<?xml version="1.0" encoding="UTF-8" ?>
<testsuite errors="0" failures="1" hostname="CCROCKET-LAP" name="com.oracle.grailshackathon.CommentServiceIntegrationSpec" tests="1" time="1.39" timestamp="2016-01-25T23:18:44">
  <properties />
  <testcase classname="com.oracle.grailshackathon.CommentServiceIntegrationSpec" name="Test Find Comments for Item" time="1.372">
    <failure message="Condition not satisfied:&#xa;&#xa;comments.size() == 1&#xa;|        |      |&#xa;[]       0      false&#xa;" type="junit.framework.AssertionFailedError">junit.framework.AssertionFailedError: Condition not satisfied:

comments.size() == 1
|        |      |
[]       0      false

	at com.oracle.grailshackathon.CommentServiceIntegrationSpec.Test Find Comments for Item(CommentServiceIntegrationSpec.groovy:49)
</failure>
  </testcase>
  <system-out><![CDATA[--Output from Test Find Comments for Item--
]]></system-out>
  <system-err><![CDATA[--Output from Test Find Comments for Item--
]]></system-err>
</testsuite>
