<?xml version="1.0" encoding="UTF-8" ?>
<testsuite errors="0" failures="0" hostname="CCROCKET-LAP" name="com.oracle.grailshackathon.controller.UsersControllerSpec" tests="5" time="0.527" timestamp="2016-01-26T05:40:16">
  <properties />
  <testcase classname="com.oracle.grailshackathon.controller.UsersControllerSpec" name="test change password good change" time="0.322" />
  <testcase classname="com.oracle.grailshackathon.controller.UsersControllerSpec" name="test change password bad change" time="0.035" />
  <testcase classname="com.oracle.grailshackathon.controller.UsersControllerSpec" name="test create user" time="0.045" />
  <testcase classname="com.oracle.grailshackathon.controller.UsersControllerSpec" name="login - valid" time="0.053" />
  <testcase classname="com.oracle.grailshackathon.controller.UsersControllerSpec" name="login - invalid" time="0.042" />
  <system-out><![CDATA[--Output from test change password good change--
--Output from test change password bad change--
--Output from test create user--
--Output from login - valid--
--Output from login - invalid--
]]></system-out>
  <system-err><![CDATA[--Output from test change password good change--
--Output from test change password bad change--
--Output from test create user--
--Output from login - valid--
--Output from login - invalid--
]]></system-err>
</testsuite>
