<?xml version="1.0" encoding="UTF-8" ?>
<testsuite errors="0" failures="0" hostname="CCROCKET-LAP" name="com.oracle.grailshackathon.CommentServiceIntegrationSpec" tests="1" time="1.716" timestamp="2016-01-26T05:40:55">
  <properties />
  <testcase classname="com.oracle.grailshackathon.CommentServiceIntegrationSpec" name="Test Find Comments for Item" time="1.697" />
  <system-out><![CDATA[--Output from Test Find Comments for Item--
]]></system-out>
  <system-err><![CDATA[--Output from Test Find Comments for Item--
]]></system-err>
</testsuite>
