<?xml version="1.0" encoding="UTF-8" ?>
<testsuite errors="0" failures="0" hostname="CCROCKET-LAP" name="com.oracle.grailshackathon.OfferServiceIntegrationSpec" tests="1" time="1.234" timestamp="2016-01-26T05:40:57">
  <properties />
  <testcase classname="com.oracle.grailshackathon.OfferServiceIntegrationSpec" name="Test Find Offer for Item" time="1.224" />
  <system-out><![CDATA[--Output from Test Find Offer for Item--
]]></system-out>
  <system-err><![CDATA[--Output from Test Find Offer for Item--
]]></system-err>
</testsuite>
