<?xml version="1.0" encoding="UTF-8" ?>
<testsuite errors="0" failures="0" hostname="CCROCKET-LAP" name="com.oracle.grailshackathon.ItemIntegrationSpec" tests="1" time="0.622" timestamp="2016-01-19T23:45:22">
  <properties />
  <testcase classname="com.oracle.grailshackathon.ItemIntegrationSpec" name="test that items are returned" time="0.621" />
  <system-out><![CDATA[--Output from test that items are returned--
]]></system-out>
  <system-err><![CDATA[--Output from test that items are returned--
]]></system-err>
</testsuite>
