<?xml version="1.0" encoding="UTF-8" ?>
<testsuite errors="0" failures="0" hostname="CCROCKET-LAP" name="com.oracle.grailshackathon.controller.ItemsControllerSpec" tests="5" time="0.602" timestamp="2016-01-25T16:44:26">
  <properties />
  <testcase classname="com.oracle.grailshackathon.controller.ItemsControllerSpec" name="test get items" time="0.358" />
  <testcase classname="com.oracle.grailshackathon.controller.ItemsControllerSpec" name="test get items by id" time="0.056" />
  <testcase classname="com.oracle.grailshackathon.controller.ItemsControllerSpec" name="test delete item" time="0.058" />
  <testcase classname="com.oracle.grailshackathon.controller.ItemsControllerSpec" name="test create item" time="0.055" />
  <testcase classname="com.oracle.grailshackathon.controller.ItemsControllerSpec" name="test update item" time="0.052" />
  <system-out><![CDATA[--Output from test get items--
--Output from test get items by id--
--Output from test delete item--
--Output from test create item--
--Output from test update item--
]]></system-out>
  <system-err><![CDATA[--Output from test get items--
--Output from test get items by id--
--Output from test delete item--
--Output from test create item--
--Output from test update item--
]]></system-err>
</testsuite>
