<?xml version="1.0" encoding="UTF-8" ?>
<testsuite errors="0" failures="1" hostname="CCROCKET-LAP" name="com.oracle.grailshackathon.ItemServiceSpec" tests="1" time="1.279" timestamp="2016-01-23T05:22:35">
  <properties />
  <testcase classname="com.oracle.grailshackathon.ItemServiceSpec" name="test formating of item returned for find all" time="1.252">
    <failure message="Condition not satisfied:&#xa;&#xa;all == [[ ITEM_ID:5, ITEM_TITLE:&quot;test ttile&quot;, ITEM_DESC:&quot;DESCRIPTION&quot;, ITEM_POST_DATE:null, ITEM_POSTED_BY:2, ITEM_BOUGHT_BY:1, ITEM_PRICE:15, ITEM_STATUS:&quot;CLOSED&quot; ]]&#xa;|   |&#xa;|   false&#xa;[[ITEM_ID:5, ITEM_TITLE:test title, ITEM_DESC:DESCRIPTION, ITEM_POST_DATE:null, ITEM_POSTED_BY:2, ITEM_BOUGHT_BY:1, ITEM_PRICE:15, ITEM_STATUS:CLOSED]]&#xa;" type="junit.framework.AssertionFailedError">junit.framework.AssertionFailedError: Condition not satisfied:

all == [[ ITEM_ID:5, ITEM_TITLE:&quot;test ttile&quot;, ITEM_DESC:&quot;DESCRIPTION&quot;, ITEM_POST_DATE:null, ITEM_POSTED_BY:2, ITEM_BOUGHT_BY:1, ITEM_PRICE:15, ITEM_STATUS:&quot;CLOSED&quot; ]]
|   |
|   false
[[ITEM_ID:5, ITEM_TITLE:test title, ITEM_DESC:DESCRIPTION, ITEM_POST_DATE:null, ITEM_POSTED_BY:2, ITEM_BOUGHT_BY:1, ITEM_PRICE:15, ITEM_STATUS:CLOSED]]

	at com.oracle.grailshackathon.ItemServiceSpec.test formating of item returned for find all(ItemServiceSpec.groovy:30)
</failure>
  </testcase>
  <system-out><![CDATA[--Output from test formating of item returned for find all--
]]></system-out>
  <system-err><![CDATA[--Output from test formating of item returned for find all--
]]></system-err>
</testsuite>
