<?xml version="1.0" encoding="UTF-8" ?>
<testsuite errors="0" failures="0" hostname="CCROCKET-LAP" name="com.oracle.grailshackathon.ItemsControllerSpec" tests="1" time="14.526" timestamp="2016-01-23T05:22:20">
  <properties />
  <testcase classname="com.oracle.grailshackathon.ItemsControllerSpec" name="test get items" time="14.406" />
  <system-out><![CDATA[--Output from test get items--
]]></system-out>
  <system-err><![CDATA[--Output from test get items--
]]></system-err>
</testsuite>
